<?xml version="1.0" encoding="UTF-8"?>
<coverage generated="1708452858277" clover="3.2.0">
  <project timestamp="1708452858277" name="All files">
    <metrics statements="71" coveredstatements="67" conditionals="32" coveredconditionals="25" methods="12" coveredmethods="12" elements="115" coveredelements="104" complexity="0" loc="71" ncloc="71" packages="1" files="1" classes="1"/>
    <file name="math.js" path="/Users/valinor/Desktop/test-abbon/src/math.js">
      <metrics statements="71" coveredstatements="67" conditionals="32" coveredconditionals="25" methods="12" coveredmethods="12"/>
      <line num="3" count="3" type="stmt"/>
      <line num="4" count="3" type="stmt"/>
      <line num="6" count="3" type="stmt"/>
      <line num="8" count="3" type="stmt"/>
      <line num="9" count="9" type="stmt"/>
      <line num="10" count="9" type="stmt"/>
      <line num="13" count="9" type="cond" truecount="3" falsecount="2"/>
      <line num="14" count="0" type="stmt"/>
      <line num="16" count="9" type="cond" truecount="3" falsecount="2"/>
      <line num="17" count="0" type="stmt"/>
      <line num="20" count="9" type="stmt"/>
      <line num="23" count="3" type="stmt"/>
      <line num="28" count="3" type="cond" truecount="1" falsecount="1"/>
      <line num="29" count="0" type="stmt"/>
      <line num="32" count="3" type="stmt"/>
      <line num="33" count="3" type="cond" truecount="2" falsecount="0"/>
      <line num="35" count="3" type="stmt"/>
      <line num="41" count="3" type="cond" truecount="2" falsecount="0"/>
      <line num="46" count="1" type="stmt"/>
      <line num="48" count="1" type="stmt"/>
      <line num="49" count="1" type="stmt"/>
      <line num="51" count="1" type="stmt"/>
      <line num="52" count="7" type="stmt"/>
      <line num="53" count="7" type="stmt"/>
      <line num="54" count="7" type="stmt"/>
      <line num="55" count="7" type="stmt"/>
      <line num="58" count="1" type="stmt"/>
      <line num="63" count="2" type="stmt"/>
      <line num="65" count="2" type="stmt"/>
      <line num="66" count="16" type="cond" truecount="1" falsecount="1"/>
      <line num="67" count="0" type="stmt"/>
      <line num="69" count="16" type="stmt"/>
      <line num="70" count="15" type="cond" truecount="2" falsecount="0"/>
      <line num="71" count="7" type="stmt"/>
      <line num="74" count="9" type="stmt"/>
      <line num="77" count="2" type="stmt"/>
      <line num="78" count="2" type="stmt"/>
      <line num="79" count="16" type="cond" truecount="2" falsecount="0"/>
      <line num="80" count="9" type="stmt"/>
      <line num="82" count="16" type="stmt"/>
      <line num="85" count="2" type="stmt"/>
      <line num="90" count="3" type="stmt"/>
      <line num="91" count="21" type="stmt"/>
      <line num="93" count="3" type="stmt"/>
      <line num="98" count="7" type="stmt"/>
      <line num="100" count="7" type="stmt"/>
      <line num="101" count="57" type="cond" truecount="1" falsecount="1"/>
      <line num="102" count="57" type="stmt"/>
      <line num="103" count="57" type="cond" truecount="2" falsecount="0"/>
      <line num="107" count="7" type="stmt"/>
      <line num="108" count="37" type="stmt"/>
      <line num="111" count="7" type="stmt"/>
      <line num="116" count="3" type="stmt"/>
      <line num="131" count="3" type="stmt"/>
      <line num="133" count="36" type="stmt"/>
      <line num="134" count="3" type="stmt"/>
      <line num="136" count="3" type="stmt"/>
      <line num="137" count="39" type="stmt"/>
      <line num="138" count="12" type="stmt"/>
      <line num="139" count="12" type="stmt"/>
      <line num="143" count="3" type="stmt"/>
      <line num="148" count="6" type="stmt"/>
      <line num="149" count="6" type="stmt"/>
      <line num="155" count="6" type="stmt"/>
      <line num="156" count="26" type="cond" truecount="2" falsecount="0"/>
      <line num="157" count="13" type="stmt"/>
      <line num="159" count="13" type="stmt"/>
      <line num="160" count="13" type="cond" truecount="4" falsecount="0"/>
      <line num="161" count="4" type="stmt"/>
      <line num="166" count="2" type="stmt"/>
      <line num="169" count="1" type="stmt"/>
    </file>
  </project>
</coverage>
