{"/Users/valinor/Desktop/test-abbon/src/math.js": {"path":"/Users/valinor/Desktop/test-abbon/src/math.js","statementMap":{"0":{"start":{"line":3,"column":18},"end":{"line":3,"column":37}},"1":{"start":{"line":4,"column":18},"end":{"line":4,"column":34}},"2":{"start":{"line":6,"column":17},"end":{"line":6,"column":18}},"3":{"start":{"line":8,"column":2},"end":{"line":21,"column":3}},"4":{"start":{"line":9,"column":16},"end":{"line":9,"column":24}},"5":{"start":{"line":10,"column":4},"end":{"line":10,"column":31}},"6":{"start":{"line":13,"column":4},"end":{"line":15,"column":5}},"7":{"start":{"line":14,"column":6},"end":{"line":14,"column":15}},"8":{"start":{"line":16,"column":4},"end":{"line":18,"column":5}},"9":{"start":{"line":17,"column":6},"end":{"line":17,"column":15}},"10":{"start":{"line":20,"column":4},"end":{"line":20,"column":37}},"11":{"start":{"line":23,"column":2},"end":{"line":23,"column":18}},"12":{"start":{"line":28,"column":2},"end":{"line":30,"column":3}},"13":{"start":{"line":29,"column":4},"end":{"line":29,"column":17}},"14":{"start":{"line":32,"column":21},"end":{"line":32,"column":37}},"15":{"start":{"line":33,"column":14},"end":{"line":33,"column":49}},"16":{"start":{"line":35,"column":22},"end":{"line":39,"column":32}},"17":{"start":{"line":41,"column":2},"end":{"line":41,"column":71}},"18":{"start":{"line":46,"column":19},"end":{"line":46,"column":21}},"19":{"start":{"line":48,"column":10},"end":{"line":48,"column":11}},"20":{"start":{"line":49,"column":10},"end":{"line":49,"column":11}},"21":{"start":{"line":51,"column":2},"end":{"line":56,"column":3}},"22":{"start":{"line":52,"column":4},"end":{"line":52,"column":21}},"23":{"start":{"line":53,"column":15},"end":{"line":53,"column":20}},"24":{"start":{"line":54,"column":4},"end":{"line":54,"column":10}},"25":{"start":{"line":55,"column":4},"end":{"line":55,"column":13}},"26":{"start":{"line":58,"column":2},"end":{"line":58,"column":18}},"27":{"start":{"line":63,"column":17},"end":{"line":63,"column":19}},"28":{"start":{"line":65,"column":18},"end":{"line":75,"column":3}},"29":{"start":{"line":66,"column":4},"end":{"line":68,"column":5}},"30":{"start":{"line":67,"column":6},"end":{"line":67,"column":19}},"31":{"start":{"line":69,"column":4},"end":{"line":73,"column":5}},"32":{"start":{"line":69,"column":17},"end":{"line":69,"column":18}},"33":{"start":{"line":70,"column":6},"end":{"line":72,"column":7}},"34":{"start":{"line":71,"column":8},"end":{"line":71,"column":21}},"35":{"start":{"line":74,"column":4},"end":{"line":74,"column":16}},"36":{"start":{"line":77,"column":22},"end":{"line":77,"column":23}},"37":{"start":{"line":78,"column":2},"end":{"line":83,"column":3}},"38":{"start":{"line":79,"column":4},"end":{"line":81,"column":5}},"39":{"start":{"line":80,"column":6},"end":{"line":80,"column":33}},"40":{"start":{"line":82,"column":4},"end":{"line":82,"column":20}},"41":{"start":{"line":85,"column":2},"end":{"line":85,"column":16}},"42":{"start":{"line":90,"column":22},"end":{"line":92,"column":3}},"43":{"start":{"line":91,"column":14},"end":{"line":91,"column":19}},"44":{"start":{"line":93,"column":2},"end":{"line":93,"column":21}},"45":{"start":{"line":98,"column":20},"end":{"line":98,"column":22}},"46":{"start":{"line":100,"column":2},"end":{"line":105,"column":3}},"47":{"start":{"line":101,"column":4},"end":{"line":104,"column":5}},"48":{"start":{"line":102,"column":22},"end":{"line":102,"column":40}},"49":{"start":{"line":103,"column":6},"end":{"line":103,"column":61}},"50":{"start":{"line":107,"column":25},"end":{"line":109,"column":10}},"51":{"start":{"line":108,"column":15},"end":{"line":108,"column":24}},"52":{"start":{"line":111,"column":2},"end":{"line":111,"column":24}},"53":{"start":{"line":116,"column":24},"end":{"line":130,"column":3}},"54":{"start":{"line":131,"column":17},"end":{"line":133,"column":26}},"55":{"start":{"line":133,"column":20},"end":{"line":133,"column":25}},"56":{"start":{"line":134,"column":15},"end":{"line":134,"column":17}},"57":{"start":{"line":136,"column":2},"end":{"line":141,"column":3}},"58":{"start":{"line":137,"column":4},"end":{"line":140,"column":5}},"59":{"start":{"line":138,"column":6},"end":{"line":138,"column":37}},"60":{"start":{"line":139,"column":6},"end":{"line":139,"column":19}},"61":{"start":{"line":143,"column":2},"end":{"line":143,"column":16}},"62":{"start":{"line":148,"column":16},"end":{"line":148,"column":18}},"63":{"start":{"line":149,"column":19},"end":{"line":153,"column":3}},"64":{"start":{"line":155,"column":2},"end":{"line":164,"column":3}},"65":{"start":{"line":156,"column":4},"end":{"line":163,"column":5}},"66":{"start":{"line":157,"column":6},"end":{"line":157,"column":23}},"67":{"start":{"line":159,"column":18},"end":{"line":159,"column":29}},"68":{"start":{"line":160,"column":6},"end":{"line":162,"column":7}},"69":{"start":{"line":161,"column":8},"end":{"line":161,"column":21}},"70":{"start":{"line":166,"column":2},"end":{"line":166,"column":28}},"71":{"start":{"line":169,"column":0},"end":{"line":178,"column":2}}},"fnMap":{"0":{"name":"reverseInteger","decl":{"start":{"line":2,"column":9},"end":{"line":2,"column":23}},"loc":{"start":{"line":2,"column":29},"end":{"line":24,"column":1}},"line":2},"1":{"name":"reverseString","decl":{"start":{"line":27,"column":9},"end":{"line":27,"column":22}},"loc":{"start":{"line":27,"column":30},"end":{"line":42,"column":1}},"line":27},"2":{"name":"fibonacciArray","decl":{"start":{"line":45,"column":9},"end":{"line":45,"column":23}},"loc":{"start":{"line":45,"column":27},"end":{"line":59,"column":1}},"line":45},"3":{"name":"findPrimeNumbers","decl":{"start":{"line":62,"column":9},"end":{"line":62,"column":25}},"loc":{"start":{"line":62,"column":29},"end":{"line":86,"column":1}},"line":62},"4":{"name":"(anonymous_4)","decl":{"start":{"line":65,"column":18},"end":{"line":65,"column":19}},"loc":{"start":{"line":65,"column":27},"end":{"line":75,"column":3}},"line":65},"5":{"name":"mergeSortAndDistinct","decl":{"start":{"line":89,"column":9},"end":{"line":89,"column":29}},"loc":{"start":{"line":89,"column":46},"end":{"line":94,"column":1}},"line":89},"6":{"name":"(anonymous_6)","decl":{"start":{"line":91,"column":4},"end":{"line":91,"column":5}},"loc":{"start":{"line":91,"column":14},"end":{"line":91,"column":19}},"line":91},"7":{"name":"countDuplicateChars","decl":{"start":{"line":97,"column":9},"end":{"line":97,"column":28}},"loc":{"start":{"line":97,"column":34},"end":{"line":112,"column":1}},"line":97},"8":{"name":"(anonymous_8)","decl":{"start":{"line":108,"column":4},"end":{"line":108,"column":5}},"loc":{"start":{"line":108,"column":15},"end":{"line":108,"column":24}},"line":108},"9":{"name":"intToRoman","decl":{"start":{"line":115,"column":9},"end":{"line":115,"column":19}},"loc":{"start":{"line":115,"column":25},"end":{"line":144,"column":1}},"line":115},"10":{"name":"(anonymous_10)","decl":{"start":{"line":133,"column":10},"end":{"line":133,"column":11}},"loc":{"start":{"line":133,"column":20},"end":{"line":133,"column":25}},"line":133},"11":{"name":"isValidBracket","decl":{"start":{"line":147,"column":9},"end":{"line":147,"column":23}},"loc":{"start":{"line":147,"column":27},"end":{"line":167,"column":1}},"line":147}},"branchMap":{"0":{"loc":{"start":{"line":13,"column":4},"end":{"line":15,"column":5}},"type":"if","locations":[{"start":{"line":13,"column":4},"end":{"line":15,"column":5}},{"start":{},"end":{}}],"line":13},"1":{"loc":{"start":{"line":13,"column":8},"end":{"line":13,"column":75}},"type":"binary-expr","locations":[{"start":{"line":13,"column":8},"end":{"line":13,"column":31}},{"start":{"line":13,"column":36},"end":{"line":13,"column":61}},{"start":{"line":13,"column":65},"end":{"line":13,"column":74}}],"line":13},"2":{"loc":{"start":{"line":16,"column":4},"end":{"line":18,"column":5}},"type":"if","locations":[{"start":{"line":16,"column":4},"end":{"line":18,"column":5}},{"start":{},"end":{}}],"line":16},"3":{"loc":{"start":{"line":16,"column":8},"end":{"line":16,"column":76}},"type":"binary-expr","locations":[{"start":{"line":16,"column":8},"end":{"line":16,"column":31}},{"start":{"line":16,"column":36},"end":{"line":16,"column":61}},{"start":{"line":16,"column":65},"end":{"line":16,"column":75}}],"line":16},"4":{"loc":{"start":{"line":28,"column":2},"end":{"line":30,"column":3}},"type":"if","locations":[{"start":{"line":28,"column":2},"end":{"line":30,"column":3}},{"start":{},"end":{}}],"line":28},"5":{"loc":{"start":{"line":33,"column":14},"end":{"line":33,"column":49}},"type":"cond-expr","locations":[{"start":{"line":33,"column":27},"end":{"line":33,"column":41}},{"start":{"line":33,"column":44},"end":{"line":33,"column":49}}],"line":33},"6":{"loc":{"start":{"line":41,"column":10},"end":{"line":41,"column":31}},"type":"cond-expr","locations":[{"start":{"line":41,"column":23},"end":{"line":41,"column":26}},{"start":{"line":41,"column":29},"end":{"line":41,"column":31}}],"line":41},"7":{"loc":{"start":{"line":66,"column":4},"end":{"line":68,"column":5}},"type":"if","locations":[{"start":{"line":66,"column":4},"end":{"line":68,"column":5}},{"start":{},"end":{}}],"line":66},"8":{"loc":{"start":{"line":70,"column":6},"end":{"line":72,"column":7}},"type":"if","locations":[{"start":{"line":70,"column":6},"end":{"line":72,"column":7}},{"start":{},"end":{}}],"line":70},"9":{"loc":{"start":{"line":79,"column":4},"end":{"line":81,"column":5}},"type":"if","locations":[{"start":{"line":79,"column":4},"end":{"line":81,"column":5}},{"start":{},"end":{}}],"line":79},"10":{"loc":{"start":{"line":101,"column":4},"end":{"line":104,"column":5}},"type":"if","locations":[{"start":{"line":101,"column":4},"end":{"line":104,"column":5}},{"start":{},"end":{}}],"line":101},"11":{"loc":{"start":{"line":103,"column":30},"end":{"line":103,"column":55}},"type":"binary-expr","locations":[{"start":{"line":103,"column":30},"end":{"line":103,"column":50}},{"start":{"line":103,"column":54},"end":{"line":103,"column":55}}],"line":103},"12":{"loc":{"start":{"line":156,"column":4},"end":{"line":163,"column":5}},"type":"if","locations":[{"start":{"line":156,"column":4},"end":{"line":163,"column":5}},{"start":{"line":158,"column":11},"end":{"line":163,"column":5}}],"line":156},"13":{"loc":{"start":{"line":160,"column":6},"end":{"line":162,"column":7}},"type":"if","locations":[{"start":{"line":160,"column":6},"end":{"line":162,"column":7}},{"start":{},"end":{}}],"line":160},"14":{"loc":{"start":{"line":160,"column":10},"end":{"line":160,"column":40}},"type":"binary-expr","locations":[{"start":{"line":160,"column":10},"end":{"line":160,"column":14}},{"start":{"line":160,"column":18},"end":{"line":160,"column":40}}],"line":160}},"s":{"0":3,"1":3,"2":3,"3":3,"4":9,"5":9,"6":9,"7":0,"8":9,"9":0,"10":9,"11":3,"12":3,"13":0,"14":3,"15":3,"16":3,"17":3,"18":1,"19":1,"20":1,"21":1,"22":7,"23":7,"24":7,"25":7,"26":1,"27":2,"28":2,"29":16,"30":0,"31":16,"32":16,"33":15,"34":7,"35":9,"36":2,"37":2,"38":16,"39":9,"40":16,"41":2,"42":3,"43":21,"44":3,"45":7,"46":7,"47":57,"48":57,"49":57,"50":7,"51":37,"52":7,"53":3,"54":3,"55":36,"56":3,"57":3,"58":39,"59":12,"60":12,"61":3,"62":6,"63":6,"64":6,"65":26,"66":13,"67":13,"68":13,"69":4,"70":2,"71":1},"f":{"0":3,"1":3,"2":1,"3":2,"4":16,"5":3,"6":21,"7":7,"8":37,"9":3,"10":36,"11":6},"b":{"0":[0,9],"1":[9,9,0],"2":[0,9],"3":[9,9,0],"4":[0,3],"5":[1,2],"6":[1,2],"7":[0,16],"8":[7,8],"9":[9,7],"10":[57,0],"11":[57,37],"12":[13,13],"13":[4,9],"14":[13,12]},"_coverageSchema":"1a1c01bbd47fc00a2c39e90264f33305004495a9","hash":"f70a1eeef19714e6f9a71e14e99f2a4c0a14dc0c"}
}
