TN:
SF:src/math.js
FN:2,reverseInteger
FN:27,reverseString
FN:45,fibonacciArray
FN:62,findPrimeNumbers
FN:65,(anonymous_4)
FN:89,mergeSortAndDistinct
FN:91,(anonymous_6)
FN:97,countDuplicateChars
FN:108,(anonymous_8)
FN:115,intToRoman
FN:133,(anonymous_10)
FN:147,isValidBracket
FNF:12
FNH:12
FNDA:3,reverseInteger
FNDA:3,reverseString
FNDA:1,fibonacciArray
FNDA:2,findPrimeNumbers
FNDA:16,(anonymous_4)
FNDA:3,mergeSortAndDistinct
FNDA:21,(anonymous_6)
FNDA:7,countDuplicateChars
FNDA:37,(anonymous_8)
FNDA:3,intToRoman
FNDA:36,(anonymous_10)
FNDA:6,isValidBracket
DA:3,3
DA:4,3
DA:6,3
DA:8,3
DA:9,9
DA:10,9
DA:13,9
DA:14,0
DA:16,9
DA:17,0
DA:20,9
DA:23,3
DA:28,3
DA:29,0
DA:32,3
DA:33,3
DA:35,3
DA:41,3
DA:46,1
DA:48,1
DA:49,1
DA:51,1
DA:52,7
DA:53,7
DA:54,7
DA:55,7
DA:58,1
DA:63,2
DA:65,2
DA:66,16
DA:67,0
DA:69,16
DA:70,15
DA:71,7
DA:74,9
DA:77,2
DA:78,2
DA:79,16
DA:80,9
DA:82,16
DA:85,2
DA:90,3
DA:91,21
DA:93,3
DA:98,7
DA:100,7
DA:101,57
DA:102,57
DA:103,57
DA:107,7
DA:108,37
DA:111,7
DA:116,3
DA:131,3
DA:133,36
DA:134,3
DA:136,3
DA:137,39
DA:138,12
DA:139,12
DA:143,3
DA:148,6
DA:149,6
DA:155,6
DA:156,26
DA:157,13
DA:159,13
DA:160,13
DA:161,4
DA:166,2
DA:169,1
LF:71
LH:67
BRDA:13,0,0,0
BRDA:13,0,1,9
BRDA:13,1,0,9
BRDA:13,1,1,9
BRDA:13,1,2,0
BRDA:16,2,0,0
BRDA:16,2,1,9
BRDA:16,3,0,9
BRDA:16,3,1,9
BRDA:16,3,2,0
BRDA:28,4,0,0
BRDA:28,4,1,3
BRDA:33,5,0,1
BRDA:33,5,1,2
BRDA:41,6,0,1
BRDA:41,6,1,2
BRDA:66,7,0,0
BRDA:66,7,1,16
BRDA:70,8,0,7
BRDA:70,8,1,8
BRDA:79,9,0,9
BRDA:79,9,1,7
BRDA:101,10,0,57
BRDA:101,10,1,0
BRDA:103,11,0,57
BRDA:103,11,1,37
BRDA:156,12,0,13
BRDA:156,12,1,13
BRDA:160,13,0,4
BRDA:160,13,1,9
BRDA:160,14,0,13
BRDA:160,14,1,12
BRF:32
BRH:25
end_of_record
